<?xml version="1.0" encoding="UTF-8"?>
<testng-results ignored="0" total="8" passed="8" failed="0" skipped="0">
  <reporter-output>
  </reporter-output>
  <suite started-at="2026-03-16T03:36:44 GMT+06:00" name="PHP Travels Suite" finished-at="2026-03-16T03:41:06 GMT+06:00" duration-ms="262077">
    <groups>
    </groups>
    <test started-at="2026-03-16T03:36:44 GMT+06:00" name="All TestCases" finished-at="2026-03-16T03:41:06 GMT+06:00" duration-ms="262077">
      <class name="TestCases.TestCases">
        <test-method is-config="true" signature="start()[pri:0, instance:TestCases.TestCases@52e6fdee]" started-at="2026-03-16T03:36:44 GMT+06:00" name="start" finished-at="2026-03-16T03:36:55 GMT+06:00" duration-ms="10745" status="PASS">
          <reporter-output>
          </reporter-output>
        </test-method> <!-- start -->
        <test-method signature="HomepageTest()[pri:0, instance:TestCases.TestCases@52e6fdee]" started-at="2026-03-16T03:36:55 GMT+06:00" name="HomepageTest" finished-at="2026-03-16T03:38:17 GMT+06:00" duration-ms="82242" status="PASS">
          <reporter-output>
          </reporter-output>
        </test-method> <!-- HomepageTest -->
        <test-method signature="testSignUp()[pri:0, instance:TestCases.TestCases@52e6fdee]" started-at="2026-03-16T03:38:17 GMT+06:00" name="testSignUp" finished-at="2026-03-16T03:38:38 GMT+06:00" duration-ms="20378" status="PASS">
          <reporter-output>
          </reporter-output>
        </test-method> <!-- testSignUp -->
        <test-method signature="testLogin()[pri:0, instance:TestCases.TestCases@52e6fdee]" started-at="2026-03-16T03:38:38 GMT+06:00" name="testLogin" finished-at="2026-03-16T03:38:49 GMT+06:00" duration-ms="11486" status="PASS">
          <reporter-output>
          </reporter-output>
        </test-method> <!-- testLogin -->
        <test-method signature="testVisa()[pri:0, instance:TestCases.TestCases@52e6fdee]" started-at="2026-03-16T03:38:49 GMT+06:00" name="testVisa" finished-at="2026-03-16T03:39:21 GMT+06:00" duration-ms="31852" status="PASS">
          <reporter-output>
          </reporter-output>
        </test-method> <!-- testVisa -->
        <test-method signature="testTour()[pri:0, instance:TestCases.TestCases@52e6fdee]" started-at="2026-03-16T03:39:21 GMT+06:00" name="testTour" finished-at="2026-03-16T03:39:36 GMT+06:00" duration-ms="14897" status="PASS">
          <reporter-output>
          </reporter-output>
        </test-method> <!-- testTour -->
        <test-method signature="testCar()[pri:0, instance:TestCases.TestCases@52e6fdee]" started-at="2026-03-16T03:39:36 GMT+06:00" name="testCar" finished-at="2026-03-16T03:40:10 GMT+06:00" duration-ms="33582" status="PASS">
          <reporter-output>
          </reporter-output>
        </test-method> <!-- testCar -->
        <test-method signature="testFlight()[pri:0, instance:TestCases.TestCases@52e6fdee]" started-at="2026-03-16T03:40:10 GMT+06:00" name="testFlight" finished-at="2026-03-16T03:40:38 GMT+06:00" duration-ms="28470" status="PASS">
          <reporter-output>
          </reporter-output>
        </test-method> <!-- testFlight -->
        <test-method signature="testStay()[pri:0, instance:TestCases.TestCases@52e6fdee]" started-at="2026-03-16T03:40:38 GMT+06:00" name="testStay" finished-at="2026-03-16T03:41:03 GMT+06:00" duration-ms="24973" status="PASS">
          <reporter-output>
          </reporter-output>
        </test-method> <!-- testStay -->
        <test-method is-config="true" signature="close()[pri:0, instance:TestCases.TestCases@52e6fdee]" started-at="2026-03-16T03:41:03 GMT+06:00" name="close" finished-at="2026-03-16T03:41:06 GMT+06:00" duration-ms="3353" status="PASS">
          <reporter-output>
          </reporter-output>
        </test-method> <!-- close -->
      </class> <!-- TestCases.TestCases -->
    </test> <!-- All TestCases -->
  </suite> <!-- PHP Travels Suite -->
</testng-results>
